<?xml version="1.0" encoding="UTF-8"?>
<testsuite name="com.group.libraryapp.service.book.BookServiceTest" tests="4" skipped="0" failures="0" errors="0" timestamp="2026-07-14T06:37:34" hostname="baghyeontaeui-MacBookPro.local" time="0.3">
  <properties/>
  <testcase name="책 대출이 정상 동작한다" classname="com.group.libraryapp.service.book.BookServiceTest" time="0.222"/>
  <testcase name="책이 진작 대출되어 있다면, 신규 대출이 실패한다" classname="com.group.libraryapp.service.book.BookServiceTest" time="0.032"/>
  <testcase name="책 반납이 정상 동작한다" classname="com.group.libraryapp.service.book.BookServiceTest" time="0.027"/>
  <testcase name="책 등록이 정상 동작한다" classname="com.group.libraryapp.service.book.BookServiceTest" time="0.015"/>
  <system-out><![CDATA[2026-07-14 15:37:34.892  INFO 66098 --- [    Test worker] .b.t.c.SpringBootTestContextBootstrapper : Neither @ContextConfiguration nor @ContextHierarchy found for test class [com.group.libraryapp.service.book.BookServiceTest], using SpringBootContextLoader
2026-07-14 15:37:34.893  INFO 66098 --- [    Test worker] o.s.t.c.support.AbstractContextLoader    : Could not detect default resource locations for test class [com.group.libraryapp.service.book.BookServiceTest]: no resource found for suffixes {-context.xml, Context.groovy}.
2026-07-14 15:37:34.893  INFO 66098 --- [    Test worker] t.c.s.AnnotationConfigContextLoaderUtils : Could not detect default configuration classes for test class [com.group.libraryapp.service.book.BookServiceTest]: BookServiceTest does not declare any static, non-private, non-final, nested classes annotated with @Configuration.
2026-07-14 15:37:34.897  INFO 66098 --- [    Test worker] .b.t.c.SpringBootTestContextBootstrapper : Found @SpringBootConfiguration com.group.libraryapp.LibraryAppApplication for test class com.group.libraryapp.service.book.BookServiceTest
2026-07-14 15:37:34.899  INFO 66098 --- [    Test worker] .b.t.c.SpringBootTestContextBootstrapper : Loaded default TestExecutionListener class names from location [META-INF/spring.factories]: [org.springframework.boot.test.autoconfigure.restdocs.RestDocsTestExecutionListener, org.springframework.boot.test.autoconfigure.web.client.MockRestServiceServerResetTestExecutionListener, org.springframework.boot.test.autoconfigure.web.servlet.MockMvcPrintOnlyOnFailureTestExecutionListener, org.springframework.boot.test.autoconfigure.web.servlet.WebDriverTestExecutionListener, org.springframework.boot.test.autoconfigure.webservices.client.MockWebServiceServerTestExecutionListener, org.springframework.boot.test.mock.mockito.MockitoTestExecutionListener, org.springframework.boot.test.mock.mockito.ResetMocksTestExecutionListener, org.springframework.test.context.web.ServletTestExecutionListener, org.springframework.test.context.support.DirtiesContextBeforeModesTestExecutionListener, org.springframework.test.context.event.ApplicationEventsTestExecutionListener, org.springframework.test.context.support.DependencyInjectionTestExecutionListener, org.springframework.test.context.support.DirtiesContextTestExecutionListener, org.springframework.test.context.transaction.TransactionalTestExecutionListener, org.springframework.test.context.jdbc.SqlScriptsTestExecutionListener, org.springframework.test.context.event.EventPublishingTestExecutionListener]
2026-07-14 15:37:34.899  INFO 66098 --- [    Test worker] .b.t.c.SpringBootTestContextBootstrapper : Using TestExecutionListeners: [org.springframework.test.context.web.ServletTestExecutionListener@211cf27b, org.springframework.test.context.support.DirtiesContextBeforeModesTestExecutionListener@4e0139, org.springframework.test.context.event.ApplicationEventsTestExecutionListener@1e4b9592, org.springframework.boot.test.mock.mockito.MockitoTestExecutionListener@438a65a7, org.springframework.boot.test.autoconfigure.SpringBootDependencyInjectionTestExecutionListener@543c887, org.springframework.test.context.support.DirtiesContextTestExecutionListener@75f446df, org.springframework.test.context.transaction.TransactionalTestExecutionListener@3751baf6, org.springframework.test.context.jdbc.SqlScriptsTestExecutionListener@27e656e6, org.springframework.test.context.event.EventPublishingTestExecutionListener@3cfab56d, org.springframework.boot.test.autoconfigure.restdocs.RestDocsTestExecutionListener@6b6fde93, org.springframework.boot.test.autoconfigure.web.client.MockRestServiceServerResetTestExecutionListener@51d34f02, org.springframework.boot.test.autoconfigure.web.servlet.MockMvcPrintOnlyOnFailureTestExecutionListener@441762b8, org.springframework.boot.test.autoconfigure.web.servlet.WebDriverTestExecutionListener@2d2fe68a, org.springframework.boot.test.autoconfigure.webservices.client.MockWebServiceServerTestExecutionListener@38213efa, org.springframework.boot.test.mock.mockito.ResetMocksTestExecutionListener@73c1dda3]
Hibernate: 
    select
        book0_.id as id1_0_,
        book0_.name as name2_0_ 
    from
        book book0_
Hibernate: 
    select
        user0_.id as id1_1_,
        user0_.age as age2_1_,
        user0_.name as name3_1_ 
    from
        user user0_
Hibernate: 
    insert 
    into
        book
        (id, name) 
    values
        (default, ?)
Hibernate: 
    insert 
    into
        user
        (id, age, name) 
    values
        (default, ?, ?)
Hibernate: 
    select
        book0_.id as id1_0_,
        book0_.name as name2_0_ 
    from
        book book0_ 
    where
        book0_.name=?
Hibernate: 
    select
        userloanhi0_.id as id1_2_,
        userloanhi0_.book_name as book_nam2_2_,
        userloanhi0_.is_return as is_retur3_2_,
        userloanhi0_.user_id as user_id4_2_ 
    from
        user_loan_history userloanhi0_ 
    where
        userloanhi0_.book_name=? 
        and userloanhi0_.is_return=?
Hibernate: 
    select
        user0_.id as id1_1_,
        user0_.age as age2_1_,
        user0_.name as name3_1_ 
    from
        user user0_ 
    where
        user0_.name=?
Hibernate: 
    insert 
    into
        user_loan_history
        (id, book_name, is_return, user_id) 
    values
        (default, ?, ?, ?)
Hibernate: 
    select
        userloanhi0_.id as id1_2_,
        userloanhi0_.book_name as book_nam2_2_,
        userloanhi0_.is_return as is_retur3_2_,
        userloanhi0_.user_id as user_id4_2_ 
    from
        user_loan_history userloanhi0_
Hibernate: 
    select
        user0_.id as id1_1_0_,
        user0_.age as age2_1_0_,
        user0_.name as name3_1_0_ 
    from
        user user0_ 
    where
        user0_.id=?
Hibernate: 
    select
        book0_.id as id1_0_,
        book0_.name as name2_0_ 
    from
        book book0_
Hibernate: 
    delete 
    from
        book 
    where
        id=?
Hibernate: 
    select
        user0_.id as id1_1_,
        user0_.age as age2_1_,
        user0_.name as name3_1_ 
    from
        user user0_
Hibernate: 
    select
        userloanhi0_.user_id as user_id4_2_0_,
        userloanhi0_.id as id1_2_0_,
        userloanhi0_.id as id1_2_1_,
        userloanhi0_.book_name as book_nam2_2_1_,
        userloanhi0_.is_return as is_retur3_2_1_,
        userloanhi0_.user_id as user_id4_2_1_ 
    from
        user_loan_history userloanhi0_ 
    where
        userloanhi0_.user_id=?
Hibernate: 
    delete 
    from
        user_loan_history 
    where
        id=?
Hibernate: 
    delete 
    from
        user 
    where
        id=?
Hibernate: 
    insert 
    into
        book
        (id, name) 
    values
        (default, ?)
Hibernate: 
    insert 
    into
        user
        (id, age, name) 
    values
        (default, ?, ?)
Hibernate: 
    insert 
    into
        user_loan_history
        (id, book_name, is_return, user_id) 
    values
        (default, ?, ?, ?)
Hibernate: 
    select
        book0_.id as id1_0_,
        book0_.name as name2_0_ 
    from
        book book0_ 
    where
        book0_.name=?
Hibernate: 
    select
        userloanhi0_.id as id1_2_,
        userloanhi0_.book_name as book_nam2_2_,
        userloanhi0_.is_return as is_retur3_2_,
        userloanhi0_.user_id as user_id4_2_ 
    from
        user_loan_history userloanhi0_ 
    where
        userloanhi0_.book_name=? 
        and userloanhi0_.is_return=?
Hibernate: 
    select
        user0_.id as id1_1_0_,
        user0_.age as age2_1_0_,
        user0_.name as name3_1_0_ 
    from
        user user0_ 
    where
        user0_.id=?
Hibernate: 
    select
        book0_.id as id1_0_,
        book0_.name as name2_0_ 
    from
        book book0_
Hibernate: 
    delete 
    from
        book 
    where
        id=?
Hibernate: 
    select
        user0_.id as id1_1_,
        user0_.age as age2_1_,
        user0_.name as name3_1_ 
    from
        user user0_
Hibernate: 
    select
        userloanhi0_.user_id as user_id4_2_0_,
        userloanhi0_.id as id1_2_0_,
        userloanhi0_.id as id1_2_1_,
        userloanhi0_.book_name as book_nam2_2_1_,
        userloanhi0_.is_return as is_retur3_2_1_,
        userloanhi0_.user_id as user_id4_2_1_ 
    from
        user_loan_history userloanhi0_ 
    where
        userloanhi0_.user_id=?
Hibernate: 
    delete 
    from
        user_loan_history 
    where
        id=?
Hibernate: 
    delete 
    from
        user 
    where
        id=?
Hibernate: 
    insert 
    into
        user
        (id, age, name) 
    values
        (default, ?, ?)
Hibernate: 
    insert 
    into
        user_loan_history
        (id, book_name, is_return, user_id) 
    values
        (default, ?, ?, ?)
Hibernate: 
    select
        user0_.id as id1_1_,
        user0_.age as age2_1_,
        user0_.name as name3_1_ 
    from
        user user0_ 
    where
        user0_.name=?
Hibernate: 
    select
        userloanhi0_.user_id as user_id4_2_0_,
        userloanhi0_.id as id1_2_0_,
        userloanhi0_.id as id1_2_1_,
        userloanhi0_.book_name as book_nam2_2_1_,
        userloanhi0_.is_return as is_retur3_2_1_,
        userloanhi0_.user_id as user_id4_2_1_ 
    from
        user_loan_history userloanhi0_ 
    where
        userloanhi0_.user_id=?
Hibernate: 
    update
        user_loan_history 
    set
        book_name=?,
        is_return=?,
        user_id=? 
    where
        id=?
Hibernate: 
    select
        userloanhi0_.id as id1_2_,
        userloanhi0_.book_name as book_nam2_2_,
        userloanhi0_.is_return as is_retur3_2_,
        userloanhi0_.user_id as user_id4_2_ 
    from
        user_loan_history userloanhi0_
Hibernate: 
    select
        user0_.id as id1_1_0_,
        user0_.age as age2_1_0_,
        user0_.name as name3_1_0_ 
    from
        user user0_ 
    where
        user0_.id=?
Hibernate: 
    select
        book0_.id as id1_0_,
        book0_.name as name2_0_ 
    from
        book book0_
Hibernate: 
    select
        user0_.id as id1_1_,
        user0_.age as age2_1_,
        user0_.name as name3_1_ 
    from
        user user0_
Hibernate: 
    select
        userloanhi0_.user_id as user_id4_2_0_,
        userloanhi0_.id as id1_2_0_,
        userloanhi0_.id as id1_2_1_,
        userloanhi0_.book_name as book_nam2_2_1_,
        userloanhi0_.is_return as is_retur3_2_1_,
        userloanhi0_.user_id as user_id4_2_1_ 
    from
        user_loan_history userloanhi0_ 
    where
        userloanhi0_.user_id=?
Hibernate: 
    delete 
    from
        user_loan_history 
    where
        id=?
Hibernate: 
    delete 
    from
        user 
    where
        id=?
Hibernate: 
    insert 
    into
        book
        (id, name) 
    values
        (default, ?)
Hibernate: 
    select
        book0_.id as id1_0_,
        book0_.name as name2_0_ 
    from
        book book0_
]]></system-out>
  <system-err><![CDATA[]]></system-err>
</testsuite>
